CRITICAL - 2022-06-08 08:35:19 --> syntax error, unexpected token "}", expecting ";"
in APPPATH\Controllers\Home.php on line 10.
 1 SYSTEMPATH\Autoloader\Autoloader.php(261): CodeIgniter\Autoloader\Autoloader->includeFile('APPPATH\\Controllers\\Home.php')
 2 SYSTEMPATH\Autoloader\Autoloader.php(239): CodeIgniter\Autoloader\Autoloader->loadInNamespace('App\\Controllers\\Home')
 3 [internal function]: CodeIgniter\Autoloader\Autoloader->loadClass('App\\Controllers\\Home')
 4 SYSTEMPATH\CodeIgniter.php(848): class_exists('\\App\\Controllers\\Home', true)
 5 SYSTEMPATH\CodeIgniter.php(455): CodeIgniter\CodeIgniter->startController()
 6 SYSTEMPATH\CodeIgniter.php(351): CodeIgniter\CodeIgniter->handleRequest(null, Object(Config\Cache), false)
 7 FCPATH\index.php(55): CodeIgniter\CodeIgniter->run()
CRITICAL - 2022-06-08 08:48:11 --> syntax error, unexpected token "}", expecting ";"
in APPPATH\Controllers\Home.php on line 10.
 1 SYSTEMPATH\Autoloader\Autoloader.php(261): CodeIgniter\Autoloader\Autoloader->includeFile('APPPATH\\Controllers\\Home.php')
 2 SYSTEMPATH\Autoloader\Autoloader.php(239): CodeIgniter\Autoloader\Autoloader->loadInNamespace('App\\Controllers\\Home')
 3 [internal function]: CodeIgniter\Autoloader\Autoloader->loadClass('App\\Controllers\\Home')
 4 SYSTEMPATH\Commands\Utilities\Routes\ControllerMethodReader.php(43): ReflectionClass->__construct('App\\Controllers\\Home')
 5 SYSTEMPATH\Commands\Utilities\Routes\AutoRouteCollector.php(52): CodeIgniter\Commands\Utilities\Routes\ControllerMethodReader->read('App\\Controllers\\Home', 'Home', 'index')
 6 SYSTEMPATH\Commands\Utilities\Routes.php(135): CodeIgniter\Commands\Utilities\Routes\AutoRouteCollector->get()
 7 SYSTEMPATH\CLI\Commands.php(63): CodeIgniter\Commands\Utilities\Routes->run([])
 8 SYSTEMPATH\CLI\CommandRunner.php(65): CodeIgniter\CLI\Commands->run('routes', [])
 9 SYSTEMPATH\CLI\CommandRunner.php(51): CodeIgniter\CLI\CommandRunner->index([])
10 SYSTEMPATH\CodeIgniter.php(891): CodeIgniter\CLI\CommandRunner->_remap('index', [...])
11 SYSTEMPATH\CodeIgniter.php(468): CodeIgniter\CodeIgniter->runController(Object(CodeIgniter\CLI\CommandRunner))
12 SYSTEMPATH\CodeIgniter.php(347): CodeIgniter\CodeIgniter->handleRequest(null, Object(Config\Cache), false)
13 SYSTEMPATH\CLI\Console.php(48): CodeIgniter\CodeIgniter->run()
14 ROOTPATH\spark(86): CodeIgniter\CLI\Console->run()
CRITICAL - 2022-06-08 08:56:54 --> syntax error, unexpected token "}", expecting ";"
in APPPATH\Controllers\Home.php on line 10.
 1 SYSTEMPATH\Autoloader\Autoloader.php(261): CodeIgniter\Autoloader\Autoloader->includeFile('APPPATH\\Controllers\\Home.php')
 2 SYSTEMPATH\Autoloader\Autoloader.php(239): CodeIgniter\Autoloader\Autoloader->loadInNamespace('App\\Controllers\\Home')
 3 [internal function]: CodeIgniter\Autoloader\Autoloader->loadClass('App\\Controllers\\Home')
 4 SYSTEMPATH\Commands\Utilities\Routes\ControllerMethodReader.php(43): ReflectionClass->__construct('App\\Controllers\\Home')
 5 SYSTEMPATH\Commands\Utilities\Routes\AutoRouteCollector.php(52): CodeIgniter\Commands\Utilities\Routes\ControllerMethodReader->read('App\\Controllers\\Home', 'Home', 'index')
 6 SYSTEMPATH\Commands\Utilities\Routes.php(135): CodeIgniter\Commands\Utilities\Routes\AutoRouteCollector->get()
 7 SYSTEMPATH\CLI\Commands.php(63): CodeIgniter\Commands\Utilities\Routes->run([])
 8 SYSTEMPATH\CLI\CommandRunner.php(65): CodeIgniter\CLI\Commands->run('routes', [])
 9 SYSTEMPATH\CLI\CommandRunner.php(51): CodeIgniter\CLI\CommandRunner->index([])
10 SYSTEMPATH\CodeIgniter.php(891): CodeIgniter\CLI\CommandRunner->_remap('index', [...])
11 SYSTEMPATH\CodeIgniter.php(468): CodeIgniter\CodeIgniter->runController(Object(CodeIgniter\CLI\CommandRunner))
12 SYSTEMPATH\CodeIgniter.php(347): CodeIgniter\CodeIgniter->handleRequest(null, Object(Config\Cache), false)
13 SYSTEMPATH\CLI\Console.php(48): CodeIgniter\CodeIgniter->run()
14 ROOTPATH\spark(86): CodeIgniter\CLI\Console->run()
CRITICAL - 2022-06-08 09:09:05 --> Invalid file: about.php
in SYSTEMPATH\Exceptions\FrameworkException.php on line 33.
 1 SYSTEMPATH\View\View.php(201): CodeIgniter\Exceptions\FrameworkException::forInvalidFile('about.php')
 2 SYSTEMPATH\Common.php(1135): CodeIgniter\View\View->render('about', [], true)
 3 APPPATH\Controllers\page.php(13): view('about', [...])
 4 SYSTEMPATH\CodeIgniter.php(898): App\Controllers\Page->about()
 5 SYSTEMPATH\CodeIgniter.php(468): CodeIgniter\CodeIgniter->runController(Object(App\Controllers\Page))
 6 SYSTEMPATH\CodeIgniter.php(351): CodeIgniter\CodeIgniter->handleRequest(null, Object(Config\Cache), false)
 7 FCPATH\index.php(55): CodeIgniter\CodeIgniter->run()
 8 SYSTEMPATH\Commands\Server\rewrite.php(43): require_once('FCPATH\\index.php')
CRITICAL - 2022-06-08 09:09:46 --> Invalid file: about.php
in SYSTEMPATH\Exceptions\FrameworkException.php on line 33.
 1 SYSTEMPATH\View\View.php(201): CodeIgniter\Exceptions\FrameworkException::forInvalidFile('about.php')
 2 SYSTEMPATH\Common.php(1135): CodeIgniter\View\View->render('about', [], true)
 3 APPPATH\Controllers\page.php(13): view('about', [...])
 4 SYSTEMPATH\CodeIgniter.php(898): App\Controllers\Page->about()
 5 SYSTEMPATH\CodeIgniter.php(468): CodeIgniter\CodeIgniter->runController(Object(App\Controllers\Page))
 6 SYSTEMPATH\CodeIgniter.php(351): CodeIgniter\CodeIgniter->handleRequest(null, Object(Config\Cache), false)
 7 FCPATH\index.php(55): CodeIgniter\CodeIgniter->run()
 8 SYSTEMPATH\Commands\Server\rewrite.php(43): require_once('FCPATH\\index.php')
CRITICAL - 2022-06-08 09:09:48 --> Invalid file: about.php
in SYSTEMPATH\Exceptions\FrameworkException.php on line 33.
 1 SYSTEMPATH\View\View.php(201): CodeIgniter\Exceptions\FrameworkException::forInvalidFile('about.php')
 2 SYSTEMPATH\Common.php(1135): CodeIgniter\View\View->render('about', [], true)
 3 APPPATH\Controllers\page.php(13): view('about', [...])
 4 SYSTEMPATH\CodeIgniter.php(898): App\Controllers\Page->about()
 5 SYSTEMPATH\CodeIgniter.php(468): CodeIgniter\CodeIgniter->runController(Object(App\Controllers\Page))
 6 SYSTEMPATH\CodeIgniter.php(351): CodeIgniter\CodeIgniter->handleRequest(null, Object(Config\Cache), false)
 7 FCPATH\index.php(55): CodeIgniter\CodeIgniter->run()
 8 SYSTEMPATH\Commands\Server\rewrite.php(43): require_once('FCPATH\\index.php')
CRITICAL - 2022-06-08 09:24:01 --> syntax error, unexpected token "public"
in APPPATH\Controllers\page.php on line 8.
 1 SYSTEMPATH\Autoloader\Autoloader.php(261): CodeIgniter\Autoloader\Autoloader->includeFile('APPPATH\\Controllers\\page.php')
 2 SYSTEMPATH\Autoloader\Autoloader.php(239): CodeIgniter\Autoloader\Autoloader->loadInNamespace('App\\Controllers\\Page')
 3 [internal function]: CodeIgniter\Autoloader\Autoloader->loadClass('App\\Controllers\\Page')
 4 SYSTEMPATH\CodeIgniter.php(848): class_exists('\\App\\Controllers\\Page', true)
 5 SYSTEMPATH\CodeIgniter.php(455): CodeIgniter\CodeIgniter->startController()
 6 SYSTEMPATH\CodeIgniter.php(351): CodeIgniter\CodeIgniter->handleRequest(null, Object(Config\Cache), false)
 7 FCPATH\index.php(55): CodeIgniter\CodeIgniter->run()
 8 SYSTEMPATH\Commands\Server\rewrite.php(43): require_once('FCPATH\\index.php')
CRITICAL - 2022-06-08 09:24:03 --> syntax error, unexpected token "public"
in APPPATH\Controllers\page.php on line 8.
 1 SYSTEMPATH\Autoloader\Autoloader.php(261): CodeIgniter\Autoloader\Autoloader->includeFile('APPPATH\\Controllers\\page.php')
 2 SYSTEMPATH\Autoloader\Autoloader.php(239): CodeIgniter\Autoloader\Autoloader->loadInNamespace('App\\Controllers\\Page')
 3 [internal function]: CodeIgniter\Autoloader\Autoloader->loadClass('App\\Controllers\\Page')
 4 SYSTEMPATH\CodeIgniter.php(848): class_exists('\\App\\Controllers\\Page', true)
 5 SYSTEMPATH\CodeIgniter.php(455): CodeIgniter\CodeIgniter->startController()
 6 SYSTEMPATH\CodeIgniter.php(351): CodeIgniter\CodeIgniter->handleRequest(null, Object(Config\Cache), false)
 7 FCPATH\index.php(55): CodeIgniter\CodeIgniter->run()
 8 SYSTEMPATH\Commands\Server\rewrite.php(43): require_once('FCPATH\\index.php')
CRITICAL - 2022-06-08 09:24:09 --> syntax error, unexpected token "public"
in APPPATH\Controllers\page.php on line 8.
 1 SYSTEMPATH\Autoloader\Autoloader.php(261): CodeIgniter\Autoloader\Autoloader->includeFile('APPPATH\\Controllers\\page.php')
 2 SYSTEMPATH\Autoloader\Autoloader.php(239): CodeIgniter\Autoloader\Autoloader->loadInNamespace('App\\Controllers\\Page')
 3 [internal function]: CodeIgniter\Autoloader\Autoloader->loadClass('App\\Controllers\\Page')
 4 SYSTEMPATH\CodeIgniter.php(848): class_exists('\\App\\Controllers\\Page', true)
 5 SYSTEMPATH\CodeIgniter.php(455): CodeIgniter\CodeIgniter->startController()
 6 SYSTEMPATH\CodeIgniter.php(351): CodeIgniter\CodeIgniter->handleRequest(null, Object(Config\Cache), false)
 7 FCPATH\index.php(55): CodeIgniter\CodeIgniter->run()
 8 SYSTEMPATH\Commands\Server\rewrite.php(43): require_once('FCPATH\\index.php')
CRITICAL - 2022-06-08 09:41:33 --> Invalid file: template/header.php
in SYSTEMPATH\Exceptions\FrameworkException.php on line 33.
 1 SYSTEMPATH\View\View.php(201): CodeIgniter\Exceptions\FrameworkException::forInvalidFile('template/header.php')
 2 SYSTEMPATH\View\View.php(429): CodeIgniter\View\View->render('template/header', null, true)
 3 APPPATH\Views\about.php(1): CodeIgniter\View\View->include('template/header')
 4 SYSTEMPATH\View\View.php(213): include('APPPATH\\Views\\about.php')
 5 SYSTEMPATH\View\View.php(216): CodeIgniter\View\View->CodeIgniter\View\{closure}()
 6 SYSTEMPATH\Common.php(1135): CodeIgniter\View\View->render('about', [], true)
 7 APPPATH\Controllers\page.php(10): view('about', [...])
 8 SYSTEMPATH\CodeIgniter.php(898): App\Controllers\Page->about()
 9 SYSTEMPATH\CodeIgniter.php(468): CodeIgniter\CodeIgniter->runController(Object(App\Controllers\Page))
10 SYSTEMPATH\CodeIgniter.php(351): CodeIgniter\CodeIgniter->handleRequest(null, Object(Config\Cache), false)
11 FCPATH\index.php(55): CodeIgniter\CodeIgniter->run()
12 SYSTEMPATH\Commands\Server\rewrite.php(43): require_once('FCPATH\\index.php')
CRITICAL - 2022-06-08 09:41:36 --> Invalid file: template/header.php
in SYSTEMPATH\Exceptions\FrameworkException.php on line 33.
 1 SYSTEMPATH\View\View.php(201): CodeIgniter\Exceptions\FrameworkException::forInvalidFile('template/header.php')
 2 SYSTEMPATH\View\View.php(429): CodeIgniter\View\View->render('template/header', null, true)
 3 APPPATH\Views\about.php(1): CodeIgniter\View\View->include('template/header')
 4 SYSTEMPATH\View\View.php(213): include('APPPATH\\Views\\about.php')
 5 SYSTEMPATH\View\View.php(216): CodeIgniter\View\View->CodeIgniter\View\{closure}()
 6 SYSTEMPATH\Common.php(1135): CodeIgniter\View\View->render('about', [], true)
 7 APPPATH\Controllers\page.php(10): view('about', [...])
 8 SYSTEMPATH\CodeIgniter.php(898): App\Controllers\Page->about()
 9 SYSTEMPATH\CodeIgniter.php(468): CodeIgniter\CodeIgniter->runController(Object(App\Controllers\Page))
10 SYSTEMPATH\CodeIgniter.php(351): CodeIgniter\CodeIgniter->handleRequest(null, Object(Config\Cache), false)
11 FCPATH\index.php(55): CodeIgniter\CodeIgniter->run()
12 SYSTEMPATH\Commands\Server\rewrite.php(43): require_once('FCPATH\\index.php')
CRITICAL - 2022-06-08 09:42:53 --> Invalid file: template/header.php
in SYSTEMPATH\Exceptions\FrameworkException.php on line 33.
 1 SYSTEMPATH\View\View.php(201): CodeIgniter\Exceptions\FrameworkException::forInvalidFile('template/header.php')
 2 SYSTEMPATH\View\View.php(429): CodeIgniter\View\View->render('template/header', null, true)
 3 APPPATH\Views\about.php(1): CodeIgniter\View\View->include('template/header')
 4 SYSTEMPATH\View\View.php(213): include('APPPATH\\Views\\about.php')
 5 SYSTEMPATH\View\View.php(216): CodeIgniter\View\View->CodeIgniter\View\{closure}()
 6 SYSTEMPATH\Common.php(1135): CodeIgniter\View\View->render('about', [], true)
 7 APPPATH\Controllers\page.php(10): view('about', [...])
 8 SYSTEMPATH\CodeIgniter.php(898): App\Controllers\Page->about()
 9 SYSTEMPATH\CodeIgniter.php(468): CodeIgniter\CodeIgniter->runController(Object(App\Controllers\Page))
10 SYSTEMPATH\CodeIgniter.php(351): CodeIgniter\CodeIgniter->handleRequest(null, Object(Config\Cache), false)
11 FCPATH\index.php(55): CodeIgniter\CodeIgniter->run()
12 SYSTEMPATH\Commands\Server\rewrite.php(43): require_once('FCPATH\\index.php')
CRITICAL - 2022-06-08 09:44:11 --> Invalid file: template/header.php
in SYSTEMPATH\Exceptions\FrameworkException.php on line 33.
 1 SYSTEMPATH\View\View.php(201): CodeIgniter\Exceptions\FrameworkException::forInvalidFile('template/header.php')
 2 SYSTEMPATH\View\View.php(429): CodeIgniter\View\View->render('template/header', null, true)
 3 APPPATH\Views\about.php(1): CodeIgniter\View\View->include('template/header')
 4 SYSTEMPATH\View\View.php(213): include('APPPATH\\Views\\about.php')
 5 SYSTEMPATH\View\View.php(216): CodeIgniter\View\View->CodeIgniter\View\{closure}()
 6 SYSTEMPATH\Common.php(1135): CodeIgniter\View\View->render('about', [], true)
 7 APPPATH\Controllers\page.php(10): view('about', [...])
 8 SYSTEMPATH\CodeIgniter.php(898): App\Controllers\Page->about()
 9 SYSTEMPATH\CodeIgniter.php(468): CodeIgniter\CodeIgniter->runController(Object(App\Controllers\Page))
10 SYSTEMPATH\CodeIgniter.php(351): CodeIgniter\CodeIgniter->handleRequest(null, Object(Config\Cache), false)
11 FCPATH\index.php(55): CodeIgniter\CodeIgniter->run()
12 SYSTEMPATH\Commands\Server\rewrite.php(43): require_once('FCPATH\\index.php')
CRITICAL - 2022-06-08 09:50:32 --> Invalid file: template/header.php
in SYSTEMPATH\Exceptions\FrameworkException.php on line 33.
 1 SYSTEMPATH\View\View.php(201): CodeIgniter\Exceptions\FrameworkException::forInvalidFile('template/header.php')
 2 SYSTEMPATH\View\View.php(429): CodeIgniter\View\View->render('template/header', null, true)
 3 APPPATH\Views\about.php(1): CodeIgniter\View\View->include('template/header')
 4 SYSTEMPATH\View\View.php(213): include('APPPATH\\Views\\about.php')
 5 SYSTEMPATH\View\View.php(216): CodeIgniter\View\View->CodeIgniter\View\{closure}()
 6 SYSTEMPATH\Common.php(1135): CodeIgniter\View\View->render('about', [], true)
 7 APPPATH\Controllers\page.php(10): view('about', [...])
 8 SYSTEMPATH\CodeIgniter.php(898): App\Controllers\Page->about()
 9 SYSTEMPATH\CodeIgniter.php(468): CodeIgniter\CodeIgniter->runController(Object(App\Controllers\Page))
10 SYSTEMPATH\CodeIgniter.php(351): CodeIgniter\CodeIgniter->handleRequest(null, Object(Config\Cache), false)
11 FCPATH\index.php(55): CodeIgniter\CodeIgniter->run()
12 SYSTEMPATH\Commands\Server\rewrite.php(43): require_once('FCPATH\\index.php')
CRITICAL - 2022-06-08 09:54:17 --> Invalid file: template/header.php
in SYSTEMPATH\Exceptions\FrameworkException.php on line 33.
 1 SYSTEMPATH\View\View.php(201): CodeIgniter\Exceptions\FrameworkException::forInvalidFile('template/header.php')
 2 SYSTEMPATH\View\View.php(429): CodeIgniter\View\View->render('template/header', null, true)
 3 APPPATH\Views\about.php(1): CodeIgniter\View\View->include('template/header')
 4 SYSTEMPATH\View\View.php(213): include('APPPATH\\Views\\about.php')
 5 SYSTEMPATH\View\View.php(216): CodeIgniter\View\View->CodeIgniter\View\{closure}()
 6 SYSTEMPATH\Common.php(1135): CodeIgniter\View\View->render('about', [], true)
 7 APPPATH\Controllers\page.php(10): view('about', [...])
 8 SYSTEMPATH\CodeIgniter.php(898): App\Controllers\Page->about()
 9 SYSTEMPATH\CodeIgniter.php(468): CodeIgniter\CodeIgniter->runController(Object(App\Controllers\Page))
10 SYSTEMPATH\CodeIgniter.php(351): CodeIgniter\CodeIgniter->handleRequest(null, Object(Config\Cache), false)
11 FCPATH\index.php(55): CodeIgniter\CodeIgniter->run()
12 SYSTEMPATH\Commands\Server\rewrite.php(43): require_once('FCPATH\\index.php')
CRITICAL - 2022-06-08 09:59:07 --> Invalid file: template/header.php
in SYSTEMPATH\Exceptions\FrameworkException.php on line 33.
 1 SYSTEMPATH\View\View.php(201): CodeIgniter\Exceptions\FrameworkException::forInvalidFile('template/header.php')
 2 SYSTEMPATH\View\View.php(429): CodeIgniter\View\View->render('template/header', null, true)
 3 APPPATH\Views\about.php(1): CodeIgniter\View\View->include('template/header')
 4 SYSTEMPATH\View\View.php(213): include('APPPATH\\Views\\about.php')
 5 SYSTEMPATH\View\View.php(216): CodeIgniter\View\View->CodeIgniter\View\{closure}()
 6 SYSTEMPATH\Common.php(1135): CodeIgniter\View\View->render('about', [], true)
 7 APPPATH\Controllers\page.php(10): view('about', [...])
 8 SYSTEMPATH\CodeIgniter.php(898): App\Controllers\Page->about()
 9 SYSTEMPATH\CodeIgniter.php(468): CodeIgniter\CodeIgniter->runController(Object(App\Controllers\Page))
10 SYSTEMPATH\CodeIgniter.php(351): CodeIgniter\CodeIgniter->handleRequest(null, Object(Config\Cache), false)
11 FCPATH\index.php(55): CodeIgniter\CodeIgniter->run()
12 SYSTEMPATH\Commands\Server\rewrite.php(43): require_once('FCPATH\\index.php')
CRITICAL - 2022-06-08 10:00:23 --> Invalid file: template/header.php
in SYSTEMPATH\Exceptions\FrameworkException.php on line 33.
 1 SYSTEMPATH\View\View.php(201): CodeIgniter\Exceptions\FrameworkException::forInvalidFile('template/header.php')
 2 SYSTEMPATH\View\View.php(429): CodeIgniter\View\View->render('template/header', null, true)
 3 APPPATH\Views\about.php(1): CodeIgniter\View\View->include('template/header')
 4 SYSTEMPATH\View\View.php(213): include('APPPATH\\Views\\about.php')
 5 SYSTEMPATH\View\View.php(216): CodeIgniter\View\View->CodeIgniter\View\{closure}()
 6 SYSTEMPATH\Common.php(1135): CodeIgniter\View\View->render('about', [], true)
 7 APPPATH\Controllers\page.php(10): view('about', [...])
 8 SYSTEMPATH\CodeIgniter.php(898): App\Controllers\Page->about()
 9 SYSTEMPATH\CodeIgniter.php(468): CodeIgniter\CodeIgniter->runController(Object(App\Controllers\Page))
10 SYSTEMPATH\CodeIgniter.php(351): CodeIgniter\CodeIgniter->handleRequest(null, Object(Config\Cache), false)
11 FCPATH\index.php(55): CodeIgniter\CodeIgniter->run()
12 SYSTEMPATH\Commands\Server\rewrite.php(43): require_once('FCPATH\\index.php')
CRITICAL - 2022-06-08 10:00:52 --> Invalid file: template/header.php
in SYSTEMPATH\Exceptions\FrameworkException.php on line 33.
 1 SYSTEMPATH\View\View.php(201): CodeIgniter\Exceptions\FrameworkException::forInvalidFile('template/header.php')
 2 SYSTEMPATH\View\View.php(429): CodeIgniter\View\View->render('template/header', null, true)
 3 APPPATH\Views\about.php(1): CodeIgniter\View\View->include('template/header')
 4 SYSTEMPATH\View\View.php(213): include('APPPATH\\Views\\about.php')
 5 SYSTEMPATH\View\View.php(216): CodeIgniter\View\View->CodeIgniter\View\{closure}()
 6 SYSTEMPATH\Common.php(1135): CodeIgniter\View\View->render('about', [], true)
 7 APPPATH\Controllers\page.php(10): view('about', [...])
 8 SYSTEMPATH\CodeIgniter.php(898): App\Controllers\Page->about()
 9 SYSTEMPATH\CodeIgniter.php(468): CodeIgniter\CodeIgniter->runController(Object(App\Controllers\Page))
10 SYSTEMPATH\CodeIgniter.php(351): CodeIgniter\CodeIgniter->handleRequest(null, Object(Config\Cache), false)
11 FCPATH\index.php(55): CodeIgniter\CodeIgniter->run()
12 SYSTEMPATH\Commands\Server\rewrite.php(43): require_once('FCPATH\\index.php')
CRITICAL - 2022-06-08 10:01:54 --> Invalid file: template/header.php
in SYSTEMPATH\Exceptions\FrameworkException.php on line 33.
 1 SYSTEMPATH\View\View.php(201): CodeIgniter\Exceptions\FrameworkException::forInvalidFile('template/header.php')
 2 SYSTEMPATH\View\View.php(429): CodeIgniter\View\View->render('template/header', null, true)
 3 APPPATH\Views\about.php(1): CodeIgniter\View\View->include('template/header')
 4 SYSTEMPATH\View\View.php(213): include('APPPATH\\Views\\about.php')
 5 SYSTEMPATH\View\View.php(216): CodeIgniter\View\View->CodeIgniter\View\{closure}()
 6 SYSTEMPATH\Common.php(1135): CodeIgniter\View\View->render('about', [], true)
 7 APPPATH\Controllers\page.php(10): view('about', [...])
 8 SYSTEMPATH\CodeIgniter.php(898): App\Controllers\Page->about()
 9 SYSTEMPATH\CodeIgniter.php(468): CodeIgniter\CodeIgniter->runController(Object(App\Controllers\Page))
10 SYSTEMPATH\CodeIgniter.php(351): CodeIgniter\CodeIgniter->handleRequest(null, Object(Config\Cache), false)
11 FCPATH\index.php(55): CodeIgniter\CodeIgniter->run()
12 SYSTEMPATH\Commands\Server\rewrite.php(43): require_once('FCPATH\\index.php')
CRITICAL - 2022-06-08 10:13:07 --> Undefined variable $content
in APPPATH\Views\about.php on line 4.
 1 APPPATH\Views\about.php(4): CodeIgniter\Debug\Exceptions->errorHandler(2, 'Undefined variable $content', 'APPPATH\\Views\\about.php', 4)
 2 SYSTEMPATH\View\View.php(213): include('APPPATH\\Views\\about.php')
 3 SYSTEMPATH\View\View.php(216): CodeIgniter\View\View->CodeIgniter\View\{closure}()
 4 SYSTEMPATH\Common.php(1135): CodeIgniter\View\View->render('about', [], true)
 5 APPPATH\Controllers\page.php(13): view('about', [...])
 6 SYSTEMPATH\CodeIgniter.php(898): App\Controllers\Page->about()
 7 SYSTEMPATH\CodeIgniter.php(468): CodeIgniter\CodeIgniter->runController(Object(App\Controllers\Page))
 8 SYSTEMPATH\CodeIgniter.php(351): CodeIgniter\CodeIgniter->handleRequest(null, Object(Config\Cache), false)
 9 FCPATH\index.php(55): CodeIgniter\CodeIgniter->run()
10 SYSTEMPATH\Commands\Server\rewrite.php(43): require_once('FCPATH\\index.php')
CRITICAL - 2022-06-08 10:13:10 --> Undefined variable $content
in APPPATH\Views\about.php on line 4.
 1 APPPATH\Views\about.php(4): CodeIgniter\Debug\Exceptions->errorHandler(2, 'Undefined variable $content', 'APPPATH\\Views\\about.php', 4)
 2 SYSTEMPATH\View\View.php(213): include('APPPATH\\Views\\about.php')
 3 SYSTEMPATH\View\View.php(216): CodeIgniter\View\View->CodeIgniter\View\{closure}()
 4 SYSTEMPATH\Common.php(1135): CodeIgniter\View\View->render('about', [], true)
 5 APPPATH\Controllers\page.php(13): view('about', [...])
 6 SYSTEMPATH\CodeIgniter.php(898): App\Controllers\Page->about()
 7 SYSTEMPATH\CodeIgniter.php(468): CodeIgniter\CodeIgniter->runController(Object(App\Controllers\Page))
 8 SYSTEMPATH\CodeIgniter.php(351): CodeIgniter\CodeIgniter->handleRequest(null, Object(Config\Cache), false)
 9 FCPATH\index.php(55): CodeIgniter\CodeIgniter->run()
10 SYSTEMPATH\Commands\Server\rewrite.php(43): require_once('FCPATH\\index.php')
CRITICAL - 2022-06-08 10:13:12 --> Undefined variable $content
in APPPATH\Views\about.php on line 4.
 1 APPPATH\Views\about.php(4): CodeIgniter\Debug\Exceptions->errorHandler(2, 'Undefined variable $content', 'APPPATH\\Views\\about.php', 4)
 2 SYSTEMPATH\View\View.php(213): include('APPPATH\\Views\\about.php')
 3 SYSTEMPATH\View\View.php(216): CodeIgniter\View\View->CodeIgniter\View\{closure}()
 4 SYSTEMPATH\Common.php(1135): CodeIgniter\View\View->render('about', [], true)
 5 APPPATH\Controllers\page.php(13): view('about', [...])
 6 SYSTEMPATH\CodeIgniter.php(898): App\Controllers\Page->about()
 7 SYSTEMPATH\CodeIgniter.php(468): CodeIgniter\CodeIgniter->runController(Object(App\Controllers\Page))
 8 SYSTEMPATH\CodeIgniter.php(351): CodeIgniter\CodeIgniter->handleRequest(null, Object(Config\Cache), false)
 9 FCPATH\index.php(55): CodeIgniter\CodeIgniter->run()
10 SYSTEMPATH\Commands\Server\rewrite.php(43): require_once('FCPATH\\index.php')
CRITICAL - 2022-06-08 10:13:12 --> Undefined variable $content
in APPPATH\Views\about.php on line 4.
 1 APPPATH\Views\about.php(4): CodeIgniter\Debug\Exceptions->errorHandler(2, 'Undefined variable $content', 'APPPATH\\Views\\about.php', 4)
 2 SYSTEMPATH\View\View.php(213): include('APPPATH\\Views\\about.php')
 3 SYSTEMPATH\View\View.php(216): CodeIgniter\View\View->CodeIgniter\View\{closure}()
 4 SYSTEMPATH\Common.php(1135): CodeIgniter\View\View->render('about', [], true)
 5 APPPATH\Controllers\page.php(13): view('about', [...])
 6 SYSTEMPATH\CodeIgniter.php(898): App\Controllers\Page->about()
 7 SYSTEMPATH\CodeIgniter.php(468): CodeIgniter\CodeIgniter->runController(Object(App\Controllers\Page))
 8 SYSTEMPATH\CodeIgniter.php(351): CodeIgniter\CodeIgniter->handleRequest(null, Object(Config\Cache), false)
 9 FCPATH\index.php(55): CodeIgniter\CodeIgniter->run()
10 SYSTEMPATH\Commands\Server\rewrite.php(43): require_once('FCPATH\\index.php')
CRITICAL - 2022-06-08 10:14:14 --> Undefined variable $content
in APPPATH\Views\about.php on line 4.
 1 APPPATH\Views\about.php(4): CodeIgniter\Debug\Exceptions->errorHandler(2, 'Undefined variable $content', 'APPPATH\\Views\\about.php', 4)
 2 SYSTEMPATH\View\View.php(213): include('APPPATH\\Views\\about.php')
 3 SYSTEMPATH\View\View.php(216): CodeIgniter\View\View->CodeIgniter\View\{closure}()
 4 SYSTEMPATH\Common.php(1135): CodeIgniter\View\View->render('about', [], true)
 5 APPPATH\Controllers\page.php(13): view('about', [...])
 6 SYSTEMPATH\CodeIgniter.php(898): App\Controllers\Page->about()
 7 SYSTEMPATH\CodeIgniter.php(468): CodeIgniter\CodeIgniter->runController(Object(App\Controllers\Page))
 8 SYSTEMPATH\CodeIgniter.php(351): CodeIgniter\CodeIgniter->handleRequest(null, Object(Config\Cache), false)
 9 FCPATH\index.php(55): CodeIgniter\CodeIgniter->run()
10 SYSTEMPATH\Commands\Server\rewrite.php(43): require_once('FCPATH\\index.php')
CRITICAL - 2022-06-08 10:14:16 --> Undefined variable $content
in APPPATH\Views\about.php on line 4.
 1 APPPATH\Views\about.php(4): CodeIgniter\Debug\Exceptions->errorHandler(2, 'Undefined variable $content', 'APPPATH\\Views\\about.php', 4)
 2 SYSTEMPATH\View\View.php(213): include('APPPATH\\Views\\about.php')
 3 SYSTEMPATH\View\View.php(216): CodeIgniter\View\View->CodeIgniter\View\{closure}()
 4 SYSTEMPATH\Common.php(1135): CodeIgniter\View\View->render('about', [], true)
 5 APPPATH\Controllers\page.php(13): view('about', [...])
 6 SYSTEMPATH\CodeIgniter.php(898): App\Controllers\Page->about()
 7 SYSTEMPATH\CodeIgniter.php(468): CodeIgniter\CodeIgniter->runController(Object(App\Controllers\Page))
 8 SYSTEMPATH\CodeIgniter.php(351): CodeIgniter\CodeIgniter->handleRequest(null, Object(Config\Cache), false)
 9 FCPATH\index.php(55): CodeIgniter\CodeIgniter->run()
10 SYSTEMPATH\Commands\Server\rewrite.php(43): require_once('FCPATH\\index.php')
CRITICAL - 2022-06-08 10:23:44 --> Invalid file: contact.php
in SYSTEMPATH\Exceptions\FrameworkException.php on line 33.
 1 SYSTEMPATH\View\View.php(201): CodeIgniter\Exceptions\FrameworkException::forInvalidFile('contact.php')
 2 SYSTEMPATH\Common.php(1135): CodeIgniter\View\View->render('contact', [], true)
 3 APPPATH\Controllers\page.php(17): view('contact', [...])
 4 SYSTEMPATH\CodeIgniter.php(898): App\Controllers\Page->contact()
 5 SYSTEMPATH\CodeIgniter.php(468): CodeIgniter\CodeIgniter->runController(Object(App\Controllers\Page))
 6 SYSTEMPATH\CodeIgniter.php(351): CodeIgniter\CodeIgniter->handleRequest(null, Object(Config\Cache), false)
 7 FCPATH\index.php(55): CodeIgniter\CodeIgniter->run()
 8 SYSTEMPATH\Commands\Server\rewrite.php(43): require_once('FCPATH\\index.php')
CRITICAL - 2022-06-08 10:27:30 --> Invalid file: contact.php
in SYSTEMPATH\Exceptions\FrameworkException.php on line 33.
 1 SYSTEMPATH\View\View.php(201): CodeIgniter\Exceptions\FrameworkException::forInvalidFile('contact.php')
 2 SYSTEMPATH\Common.php(1135): CodeIgniter\View\View->render('contact', [], true)
 3 APPPATH\Controllers\page.php(17): view('contact', [...])
 4 SYSTEMPATH\CodeIgniter.php(898): App\Controllers\Page->contact()
 5 SYSTEMPATH\CodeIgniter.php(468): CodeIgniter\CodeIgniter->runController(Object(App\Controllers\Page))
 6 SYSTEMPATH\CodeIgniter.php(351): CodeIgniter\CodeIgniter->handleRequest(null, Object(Config\Cache), false)
 7 FCPATH\index.php(55): CodeIgniter\CodeIgniter->run()
 8 SYSTEMPATH\Commands\Server\rewrite.php(43): require_once('FCPATH\\index.php')
